<?xml version="1.0" encoding="utf-8"?><testsuites name="pytest tests"><testsuite name="pytest" errors="0" failures="0" skipped="0" tests="26" time="3.670" timestamp="2026-05-21T13:40:44.981924+00:00" hostname="agent-env-e4e39edd-07cf-4a19-93bb-c368e0031ae6"><testcase classname="backend.tests.test_louvorapp_backend.TestHealth" name="test_root" time="0.154" /><testcase classname="backend.tests.test_louvorapp_backend.TestAuth" name="test_signup_creates_leader_with_invite_code" time="0.291" /><testcase classname="backend.tests.test_louvorapp_backend.TestAuth" name="test_signup_with_invite_code_creates_member" time="0.276" /><testcase classname="backend.tests.test_louvorapp_backend.TestAuth" name="test_signup_duplicate_email_returns_400" time="0.053" /><testcase classname="backend.tests.test_louvorapp_backend.TestAuth" name="test_signup_invalid_invite_code_returns_400" time="0.051" /><testcase classname="backend.tests.test_louvorapp_backend.TestAuth" name="test_login_success" time="0.272" /><testcase classname="backend.tests.test_louvorapp_backend.TestAuth" name="test_login_wrong_password_401" time="0.268" /><testcase classname="backend.tests.test_louvorapp_backend.TestAuth" name="test_me_returns_user" time="0.054" /><testcase classname="backend.tests.test_louvorapp_backend.TestAuth" name="test_me_without_token_401" time="0.047" /><testcase classname="backend.tests.test_louvorapp_backend.TestAuth" name="test_update_me" time="0.101" /><testcase classname="backend.tests.test_louvorapp_backend.TestMinistry" name="test_get_ministry" time="0.048" /><testcase classname="backend.tests.test_louvorapp_backend.TestMinistry" name="test_list_members" time="0.060" /><testcase classname="backend.tests.test_louvorapp_backend.TestMinistry" name="test_ministry_requires_auth" time="0.058" /><testcase classname="backend.tests.test_louvorapp_backend.TestSongs" name="test_song_crud_and_persistence" time="0.358" /><testcase classname="backend.tests.test_louvorapp_backend.TestScales" name="test_scale_crud" time="0.268" /><testcase classname="backend.tests.test_louvorapp_backend.TestAnnouncements" name="test_announcement_flow" time="0.211" /><testcase classname="backend.tests.test_louvorapp_backend.TestStats" name="test_stats_returns_counters" time="0.047" /><testcase classname="backend.tests.test_louvorapp_backend.TestMultiTenantIsolation" name="test_leader_b_cannot_see_leader_a_songs" time="0.481" /><testcase classname="backend.tests.test_louvorapp_backend.TestMultiTenantIsolation" name="test_members_list_isolated" time="0.049" /><testcase classname="backend.tests.test_louvorapp_backend.TestAuthRequired" name="test_protected_routes_401[/auth/me]" time="0.046" /><testcase classname="backend.tests.test_louvorapp_backend.TestAuthRequired" name="test_protected_routes_401[/ministry]" time="0.046" /><testcase classname="backend.tests.test_louvorapp_backend.TestAuthRequired" name="test_protected_routes_401[/ministry/members]" time="0.047" /><testcase classname="backend.tests.test_louvorapp_backend.TestAuthRequired" name="test_protected_routes_401[/songs]" time="0.045" /><testcase classname="backend.tests.test_louvorapp_backend.TestAuthRequired" name="test_protected_routes_401[/scales]" time="0.052" /><testcase classname="backend.tests.test_louvorapp_backend.TestAuthRequired" name="test_protected_routes_401[/announcements]" time="0.049" /><testcase classname="backend.tests.test_louvorapp_backend.TestAuthRequired" name="test_protected_routes_401[/stats]" time="0.047" /></testsuite></testsuites>