<?xml version="1.0" encoding="utf-8"?><testsuites name="pytest tests"><testsuite name="pytest" errors="0" failures="0" skipped="0" tests="48" time="9.000" timestamp="2026-05-21T15:09:16.325889+00:00" hostname="agent-env-e4e39edd-07cf-4a19-93bb-c368e0031ae6"><testcase classname="backend.tests.test_louvorapp_backend.TestHealth" name="test_root" time="0.260" /><testcase classname="backend.tests.test_louvorapp_backend.TestAuth" name="test_signup_creates_leader_with_invite_code" time="0.307" /><testcase classname="backend.tests.test_louvorapp_backend.TestAuth" name="test_signup_with_invite_code_creates_member" time="0.303" /><testcase classname="backend.tests.test_louvorapp_backend.TestAuth" name="test_signup_duplicate_email_returns_400" time="0.077" /><testcase classname="backend.tests.test_louvorapp_backend.TestAuth" name="test_signup_invalid_invite_code_returns_400" time="0.077" /><testcase classname="backend.tests.test_louvorapp_backend.TestAuth" name="test_login_success" time="0.300" /><testcase classname="backend.tests.test_louvorapp_backend.TestAuth" name="test_login_wrong_password_401" time="0.306" /><testcase classname="backend.tests.test_louvorapp_backend.TestAuth" name="test_me_returns_user" time="0.081" /><testcase classname="backend.tests.test_louvorapp_backend.TestAuth" name="test_me_without_token_401" time="0.079" /><testcase classname="backend.tests.test_louvorapp_backend.TestAuth" name="test_update_me" time="0.160" /><testcase classname="backend.tests.test_louvorapp_backend.TestMinistry" name="test_get_ministry" time="0.078" /><testcase classname="backend.tests.test_louvorapp_backend.TestMinistry" name="test_list_members" time="0.080" /><testcase classname="backend.tests.test_louvorapp_backend.TestMinistry" name="test_ministry_requires_auth" time="0.076" /><testcase classname="backend.tests.test_louvorapp_backend.TestSongs" name="test_song_crud_and_persistence" time="0.543" /><testcase classname="backend.tests.test_louvorapp_backend.TestScales" name="test_scale_crud" time="0.392" /><testcase classname="backend.tests.test_louvorapp_backend.TestAnnouncements" name="test_announcement_flow" time="0.297" /><testcase classname="backend.tests.test_louvorapp_backend.TestStats" name="test_stats_returns_counters" time="0.082" /><testcase classname="backend.tests.test_louvorapp_backend.TestMultiTenantIsolation" name="test_leader_b_cannot_see_leader_a_songs" time="0.627" /><testcase classname="backend.tests.test_louvorapp_backend.TestMultiTenantIsolation" name="test_members_list_isolated" time="0.080" /><testcase classname="backend.tests.test_louvorapp_backend.TestAuthRequired" name="test_protected_routes_401[/auth/me]" time="0.070" /><testcase classname="backend.tests.test_louvorapp_backend.TestAuthRequired" name="test_protected_routes_401[/ministry]" time="0.079" /><testcase classname="backend.tests.test_louvorapp_backend.TestAuthRequired" name="test_protected_routes_401[/ministry/members]" time="0.073" /><testcase classname="backend.tests.test_louvorapp_backend.TestAuthRequired" name="test_protected_routes_401[/songs]" time="0.080" /><testcase classname="backend.tests.test_louvorapp_backend.TestAuthRequired" name="test_protected_routes_401[/scales]" time="0.075" /><testcase classname="backend.tests.test_louvorapp_backend.TestAuthRequired" name="test_protected_routes_401[/announcements]" time="0.078" /><testcase classname="backend.tests.test_louvorapp_backend.TestAuthRequired" name="test_protected_routes_401[/stats]" time="0.076" /><testcase classname="backend.tests.test_external_api.TestMinistryApiKeyField" name="test_get_ministry_returns_api_key" time="0.453" /><testcase classname="backend.tests.test_external_api.TestMinistryApiKeyField" name="test_get_ministry_api_key_stable_across_calls" time="0.119" /><testcase classname="backend.tests.test_external_api.TestRotateApiKey" name="test_rotate_requires_jwt" time="0.049" /><testcase classname="backend.tests.test_external_api.TestRotateApiKey" name="test_rotate_member_forbidden" time="0.325" /><testcase classname="backend.tests.test_external_api.TestRotateApiKey" name="test_rotate_leader_returns_new_key_and_invalidates_old" time="0.290" /><testcase classname="backend.tests.test_external_api.TestExternalMinistry" name="test_missing_header_returns_401" time="0.049" /><testcase classname="backend.tests.test_external_api.TestExternalMinistry" name="test_invalid_key_returns_401" time="0.049" /><testcase classname="backend.tests.test_external_api.TestExternalMinistry" name="test_valid_key_returns_id_and_name" time="0.383" /><testcase classname="backend.tests.test_external_api.TestExternalSongs" name="test_songs_with_bpm_and_key" time="0.197" /><testcase classname="backend.tests.test_external_api.TestExternalSongs" name="test_songs_missing_header_401" time="0.052" /><testcase classname="backend.tests.test_external_api.TestExternalScales" name="test_scales_upcoming_true_returns_only_future" time="0.399" /><testcase classname="backend.tests.test_external_api.TestExternalScales" name="test_scales_upcoming_false_returns_all" time="0.098" /><testcase classname="backend.tests.test_external_api.TestExternalScales" name="test_scales_songs_hydrated_with_bpm_and_order" time="0.102" /><testcase classname="backend.tests.test_external_api.TestExternalScales" name="test_scales_limit_param" time="0.104" /><testcase classname="backend.tests.test_external_api.TestExternalScales" name="test_scale_detail_returns_hydrated_setlist" time="0.117" /><testcase classname="backend.tests.test_external_api.TestExternalScales" name="test_scale_detail_404_when_not_in_ministry" time="0.096" /><testcase classname="backend.tests.test_external_api.TestExternalIsolation" name="test_key_a_does_not_see_ministry_b_songs" time="0.340" /><testcase classname="backend.tests.test_external_api.TestExternalIsolation" name="test_key_a_does_not_see_ministry_b_scales" time="0.107" /><testcase classname="backend.tests.test_external_api.TestRegression" name="test_demo_login_still_works" time="0.287" /><testcase classname="backend.tests.test_external_api.TestRegression" name="test_protected_endpoints_still_require_auth" time="0.306" /><testcase classname="backend.tests.test_external_api.TestRegression" name="test_songs_crud_still_works" time="0.154" /><testcase classname="backend.tests.test_external_api.TestRegression" name="test_announcements_still_work" time="0.100" /></testsuite></testsuites>