<?xml version="1.0" encoding="utf-8"?><testsuites name="pytest tests"><testsuite name="pytest" errors="0" failures="0" skipped="0" tests="22" time="6.319" timestamp="2026-05-21T14:12:18.712479+00:00" hostname="agent-env-e4e39edd-07cf-4a19-93bb-c368e0031ae6"><testcase classname="backend.tests.test_external_api.TestMinistryApiKeyField" name="test_get_ministry_returns_api_key" time="0.638" /><testcase classname="backend.tests.test_external_api.TestMinistryApiKeyField" name="test_get_ministry_api_key_stable_across_calls" time="0.178" /><testcase classname="backend.tests.test_external_api.TestRotateApiKey" name="test_rotate_requires_jwt" time="0.081" /><testcase classname="backend.tests.test_external_api.TestRotateApiKey" name="test_rotate_member_forbidden" time="0.386" /><testcase classname="backend.tests.test_external_api.TestRotateApiKey" name="test_rotate_leader_returns_new_key_and_invalidates_old" time="0.489" /><testcase classname="backend.tests.test_external_api.TestExternalMinistry" name="test_missing_header_returns_401" time="0.079" /><testcase classname="backend.tests.test_external_api.TestExternalMinistry" name="test_invalid_key_returns_401" time="0.078" /><testcase classname="backend.tests.test_external_api.TestExternalMinistry" name="test_valid_key_returns_id_and_name" time="0.466" /><testcase classname="backend.tests.test_external_api.TestExternalSongs" name="test_songs_with_bpm_and_key" time="0.333" /><testcase classname="backend.tests.test_external_api.TestExternalSongs" name="test_songs_missing_header_401" time="0.078" /><testcase classname="backend.tests.test_external_api.TestExternalScales" name="test_scales_upcoming_true_returns_only_future" time="0.661" /><testcase classname="backend.tests.test_external_api.TestExternalScales" name="test_scales_upcoming_false_returns_all" time="0.167" /><testcase classname="backend.tests.test_external_api.TestExternalScales" name="test_scales_songs_hydrated_with_bpm_and_order" time="0.164" /><testcase classname="backend.tests.test_external_api.TestExternalScales" name="test_scales_limit_param" time="0.153" /><testcase classname="backend.tests.test_external_api.TestExternalScales" name="test_scale_detail_returns_hydrated_setlist" time="0.174" /><testcase classname="backend.tests.test_external_api.TestExternalScales" name="test_scale_detail_404_when_not_in_ministry" time="0.162" /><testcase classname="backend.tests.test_external_api.TestExternalIsolation" name="test_key_a_does_not_see_ministry_b_songs" time="0.415" /><testcase classname="backend.tests.test_external_api.TestExternalIsolation" name="test_key_a_does_not_see_ministry_b_scales" time="0.171" /><testcase classname="backend.tests.test_external_api.TestRegression" name="test_demo_login_still_works" time="0.308" /><testcase classname="backend.tests.test_external_api.TestRegression" name="test_protected_endpoints_still_require_auth" time="0.495" /><testcase classname="backend.tests.test_external_api.TestRegression" name="test_songs_crud_still_works" time="0.254" /><testcase classname="backend.tests.test_external_api.TestRegression" name="test_announcements_still_work" time="0.202" /></testsuite></testsuites>