<?xml version="1.0" encoding="utf-8"?><testsuites name="pytest tests"><testsuite name="pytest" errors="0" failures="0" skipped="0" tests="24" time="3.642" timestamp="2026-05-21T15:09:07.927454+00:00" hostname="agent-env-e4e39edd-07cf-4a19-93bb-c368e0031ae6"><testcase classname="backend.tests.test_permissions.TestSignupRolesPermissions" name="test_leader_signup_has_all_perms" time="0.507" /><testcase classname="backend.tests.test_permissions.TestSignupRolesPermissions" name="test_member_signup_has_empty_perms" time="0.282" /><testcase classname="backend.tests.test_permissions.TestSignupRolesPermissions" name="test_me_exposes_permissions_field" time="0.109" /><testcase classname="backend.tests.test_permissions.TestMemberWithoutPermsBlocked" name="test_member_post_song_forbidden" time="0.051" /><testcase classname="backend.tests.test_permissions.TestMemberWithoutPermsBlocked" name="test_member_post_scale_forbidden" time="0.054" /><testcase classname="backend.tests.test_permissions.TestMemberWithoutPermsBlocked" name="test_member_post_announcement_forbidden" time="0.294" /><testcase classname="backend.tests.test_permissions.TestMemberWithoutPermsBlocked" name="test_member_delete_song_forbidden" time="0.097" /><testcase classname="backend.tests.test_permissions.TestMemberWithoutPermsBlocked" name="test_member_put_scale_forbidden" time="0.096" /><testcase classname="backend.tests.test_permissions.TestLeaderMemberAdmin" name="test_member_cannot_update_other_member" time="0.328" /><testcase classname="backend.tests.test_permissions.TestLeaderMemberAdmin" name="test_member_cannot_rotate_api_key" time="0.050" /><testcase classname="backend.tests.test_permissions.TestLeaderMemberAdmin" name="test_leader_grants_edit_songs" time="0.061" /><testcase classname="backend.tests.test_permissions.TestLeaderMemberAdmin" name="test_invalid_permission_name_400" time="0.050" /><testcase classname="backend.tests.test_permissions.TestLeaderMemberAdmin" name="test_member_with_edit_songs_can_post_song" time="0.048" /><testcase classname="backend.tests.test_permissions.TestLeaderMemberAdmin" name="test_leader_grants_edit_scales" time="0.051" /><testcase classname="backend.tests.test_permissions.TestLeaderMemberAdmin" name="test_member_with_edit_scales_can_put_scale" time="0.114" /><testcase classname="backend.tests.test_permissions.TestLeaderMemberAdmin" name="test_leader_grants_edit_announcements" time="0.052" /><testcase classname="backend.tests.test_permissions.TestLeaderMemberAdmin" name="test_member_with_edit_announcements_can_post" time="0.052" /><testcase classname="backend.tests.test_permissions.TestAnnouncementAuthorDelete" name="test_author_without_perm_can_delete_own" time="0.308" /><testcase classname="backend.tests.test_permissions.TestAnnouncementAuthorDelete" name="test_non_author_without_perm_cannot_delete" time="0.159" /><testcase classname="backend.tests.test_permissions.TestPromotionDemotion" name="test_leader_promotes_member_to_leader" time="0.110" /><testcase classname="backend.tests.test_permissions.TestPromotionDemotion" name="test_single_leader_cannot_self_demote" time="0.110" /><testcase classname="backend.tests.test_permissions.TestPromotionDemotion" name="test_leader_can_self_demote_when_another_leader_exists" time="0.157" /><testcase classname="backend.tests.test_permissions.TestRegression" name="test_login_demo_still_works" time="0.277" /><testcase classname="backend.tests.test_permissions.TestRegression" name="test_external_api_still_works" time="0.115" /></testsuite></testsuites>