<?xml version="1.0" encoding="utf-8"?><testsuites name="pytest tests"><testsuite name="pytest" errors="0" failures="0" skipped="0" tests="26" time="4.501" timestamp="2026-05-21T14:12:29.042508+00:00" hostname="agent-env-e4e39edd-07cf-4a19-93bb-c368e0031ae6"><testcase classname="backend.tests.test_louvorapp_backend.TestHealth" name="test_root" time="0.166" /><testcase classname="backend.tests.test_louvorapp_backend.TestAuth" name="test_signup_creates_leader_with_invite_code" time="0.301" /><testcase classname="backend.tests.test_louvorapp_backend.TestAuth" name="test_signup_with_invite_code_creates_member" time="0.293" /><testcase classname="backend.tests.test_louvorapp_backend.TestAuth" name="test_signup_duplicate_email_returns_400" time="0.072" /><testcase classname="backend.tests.test_louvorapp_backend.TestAuth" name="test_signup_invalid_invite_code_returns_400" time="0.072" /><testcase classname="backend.tests.test_louvorapp_backend.TestAuth" name="test_login_success" time="0.306" /><testcase classname="backend.tests.test_louvorapp_backend.TestAuth" name="test_login_wrong_password_401" time="0.295" /><testcase classname="backend.tests.test_louvorapp_backend.TestAuth" name="test_me_returns_user" time="0.070" /><testcase classname="backend.tests.test_louvorapp_backend.TestAuth" name="test_me_without_token_401" time="0.071" /><testcase classname="backend.tests.test_louvorapp_backend.TestAuth" name="test_update_me" time="0.142" /><testcase classname="backend.tests.test_louvorapp_backend.TestMinistry" name="test_get_ministry" time="0.070" /><testcase classname="backend.tests.test_louvorapp_backend.TestMinistry" name="test_list_members" time="0.077" /><testcase classname="backend.tests.test_louvorapp_backend.TestMinistry" name="test_ministry_requires_auth" time="0.071" /><testcase classname="backend.tests.test_louvorapp_backend.TestSongs" name="test_song_crud_and_persistence" time="0.513" /><testcase classname="backend.tests.test_louvorapp_backend.TestScales" name="test_scale_crud" time="0.362" /><testcase classname="backend.tests.test_louvorapp_backend.TestAnnouncements" name="test_announcement_flow" time="0.288" /><testcase classname="backend.tests.test_louvorapp_backend.TestStats" name="test_stats_returns_counters" time="0.085" /><testcase classname="backend.tests.test_louvorapp_backend.TestMultiTenantIsolation" name="test_leader_b_cannot_see_leader_a_songs" time="0.593" /><testcase classname="backend.tests.test_louvorapp_backend.TestMultiTenantIsolation" name="test_members_list_isolated" time="0.072" /><testcase classname="backend.tests.test_louvorapp_backend.TestAuthRequired" name="test_protected_routes_401[/auth/me]" time="0.071" /><testcase classname="backend.tests.test_louvorapp_backend.TestAuthRequired" name="test_protected_routes_401[/ministry]" time="0.074" /><testcase classname="backend.tests.test_louvorapp_backend.TestAuthRequired" name="test_protected_routes_401[/ministry/members]" time="0.072" /><testcase classname="backend.tests.test_louvorapp_backend.TestAuthRequired" name="test_protected_routes_401[/songs]" time="0.069" /><testcase classname="backend.tests.test_louvorapp_backend.TestAuthRequired" name="test_protected_routes_401[/scales]" time="0.070" /><testcase classname="backend.tests.test_louvorapp_backend.TestAuthRequired" name="test_protected_routes_401[/announcements]" time="0.071" /><testcase classname="backend.tests.test_louvorapp_backend.TestAuthRequired" name="test_protected_routes_401[/stats]" time="0.075" /></testsuite></testsuites>